# JRE version: OpenJDK Runtime Environment (8.0_242-b01) (build 1.8.0_242-release-1644-b01)
# Java VM: OpenJDK 64-Bit Server VM (25.242-b01 mixed mode windows-amd64 compressed oops)
Heap:
 PSYoungGen      total 353280K, used 303232K [0x00000000d5580000, 0x00000000ee580000, 0x0000000100000000)
  eden space 319488K, 86% used [0x00000000d5580000,0x00000000e623ba18,0x00000000e8d80000)
  from space 33792K, 83% used [0x00000000e8d80000,0x00000000ea8e47e8,0x00000000eae80000)
  to   space 36352K, 0% used [0x00000000ec200000,0x00000000ec200000,0x00000000ee580000)
 ParOldGen       total 217088K, used 47449K [0x0000000080000000, 0x000000008d400000, 0x00000000d5580000)
  object space 217088K, 21% used [0x0000000080000000,0x0000000082e56420,0x000000008d400000)
 Metaspace       used 110586K, capacity 116940K, committed 117288K, reserved 1150976K
  class space    used 14315K, capacity 15559K, committed 15664K, reserved 1048576K
GC Heap History (10 events):
Event: 573.846 GC heap before
{Heap before GC invocations=17 (full 3):
 PSYoungGen      total 283648K, used 49116K [0x00000000d5580000, 0x00000000ea480000, 0x0000000100000000)
  eden space 255488K, 13% used [0x00000000d5580000,0x00000000d779b350,0x00000000e4f00000)
  from space 28160K, 50% used [0x00000000e4f00000,0x00000000e5cdc050,0x00000000e6a80000)
  to   space 27136K, 0% used [0x00000000e8a00000,0x00000000e8a00000,0x00000000ea480000)
 ParOldGen       total 148992K, used 55396K [0x0000000080000000, 0x0000000089180000, 0x00000000d5580000)
  object space 148992K, 37% used [0x0000000080000000,0x0000000083619178,0x0000000089180000)
 Metaspace       used 92796K, capacity 98486K, committed 98600K, reserved 1134592K
  class space    used 12573K, capacity 13616K, committed 13616K, reserved 1048576K
Event: 573.854 GC heap after
Heap after GC invocations=17 (full 3):
 PSYoungGen      total 314880K, used 10096K [0x00000000d5580000, 0x00000000ea300000, 0x0000000100000000)
  eden space 289280K, 0% used [0x00000000d5580000,0x00000000d5580000,0x00000000e7000000)
  from space 25600K, 39% used [0x00000000e8a00000,0x00000000e93dc338,0x00000000ea300000)
  to   space 26112K, 0% used [0x00000000e7000000,0x00000000e7000000,0x00000000e8980000)
 ParOldGen       total 148992K, used 55404K [0x0000000080000000, 0x0000000089180000, 0x00000000d5580000)
  object space 148992K, 37% used [0x0000000080000000,0x000000008361b178,0x0000000089180000)
 Metaspace       used 92796K, capacity 98486K, committed 98600K, reserved 1134592K
  class space    used 12573K, capacity 13616K, committed 13616K, reserved 1048576K
}
Event: 573.855 GC heap before
{Heap before GC invocations=18 (full 4):
 PSYoungGen      total 314880K, used 10096K [0x00000000d5580000, 0x00000000ea300000, 0x0000000100000000)
  eden space 289280K, 0% used [0x00000000d5580000,0x00000000d5580000,0x00000000e7000000)
  from space 25600K, 39% used [0x00000000e8a00000,0x00000000e93dc338,0x00000000ea300000)
  to   space 26112K, 0% used [0x00000000e7000000,0x00000000e7000000,0x00000000e8980000)
 ParOldGen       total 148992K, used 55404K [0x0000000080000000, 0x0000000089180000, 0x00000000d5580000)
  object space 148992K, 37% used [0x0000000080000000,0x000000008361b178,0x0000000089180000)
 Metaspace       used 92796K, capacity 98486K, committed 98600K, reserved 1134592K
  class space    used 12573K, capacity 13616K, committed 13616K, reserved 1048576K
Event: 573.980 GC heap after
Heap after GC invocations=18 (full 4):
 PSYoungGen      total 314880K, used 0K [0x00000000d5580000, 0x00000000ea300000, 0x0000000100000000)
  eden space 289280K, 0% used [0x00000000d5580000,0x00000000d5580000,0x00000000e7000000)
  from space 25600K, 0% used [0x00000000e8a00000,0x00000000e8a00000,0x00000000ea300000)
  to   space 26112K, 0% used [0x00000000e7000000,0x00000000e7000000,0x00000000e8980000)
 ParOldGen       total 217088K, used 47289K [0x0000000080000000, 0x000000008d400000, 0x00000000d5580000)
  object space 217088K, 21% used [0x0000000080000000,0x0000000082e2e530,0x000000008d400000)
 Metaspace       used 91944K, capacity 96112K, committed 98600K, reserved 1134592K
  class space    used 12291K, capacity 13119K, committed 13616K, reserved 1048576K
}
Event: 662.804 GC heap before
{Heap before GC invocations=19 (full 4):
 PSYoungGen      total 314880K, used 289280K [0x00000000d5580000, 0x00000000ea300000, 0x0000000100000000)
  eden space 289280K, 100% used [0x00000000d5580000,0x00000000e7000000,0x00000000e7000000)
  from space 25600K, 0% used [0x00000000e8a00000,0x00000000e8a00000,0x00000000ea300000)
  to   space 26112K, 0% used [0x00000000e7000000,0x00000000e7000000,0x00000000e8980000)
 ParOldGen       total 217088K, used 47289K [0x0000000080000000, 0x000000008d400000, 0x00000000d5580000)
  object space 217088K, 21% used [0x0000000080000000,0x0000000082e2e530,0x000000008d400000)
 Metaspace       used 103174K, capacity 108196K, committed 109480K, reserved 1144832K
  class space    used 13655K, capacity 14663K, committed 15024K, reserved 1048576K
Event: 662.828 GC heap after
Heap after GC invocations=19 (full 4):
 PSYoungGen      total 315392K, used 26087K [0x00000000d5580000, 0x00000000ecf00000, 0x0000000100000000)
  eden space 289280K, 0% used [0x00000000d5580000,0x00000000d5580000,0x00000000e7000000)
  from space 26112K, 99% used [0x00000000e7000000,0x00000000e8979dd0,0x00000000e8980000)
  to   space 29696K, 0% used [0x00000000eb200000,0x00000000eb200000,0x00000000ecf00000)
 ParOldGen       total 217088K, used 47433K [0x0000000080000000, 0x000000008d400000, 0x00000000d5580000)
  object space 217088K, 21% used [0x0000000080000000,0x0000000082e52420,0x000000008d400000)
 Metaspace       used 103174K, capacity 108196K, committed 109480K, reserved 1144832K
  class space    used 13655K, capacity 14663K, committed 15024K, reserved 1048576K
}
Event: 948.660 GC heap before
{Heap before GC invocations=20 (full 4):
 PSYoungGen      total 315392K, used 315367K [0x00000000d5580000, 0x00000000ecf00000, 0x0000000100000000)
  eden space 289280K, 100% used [0x00000000d5580000,0x00000000e7000000,0x00000000e7000000)
  from space 26112K, 99% used [0x00000000e7000000,0x00000000e8979dd0,0x00000000e8980000)
  to   space 29696K, 0% used [0x00000000eb200000,0x00000000eb200000,0x00000000ecf00000)
 ParOldGen       total 217088K, used 47433K [0x0000000080000000, 0x000000008d400000, 0x00000000d5580000)
  object space 217088K, 21% used [0x0000000080000000,0x0000000082e52420,0x000000008d400000)
 Metaspace       used 106178K, capacity 111870K, committed 112296K, reserved 1146880K
  class space    used 13937K, capacity 15068K, committed 15280K, reserved 1048576K
Event: 948.680 GC heap after
Heap after GC invocations=20 (full 4):
 PSYoungGen      total 349184K, used 28813K [0x00000000d5580000, 0x00000000ecf80000, 0x0000000100000000)
  eden space 319488K, 0% used [0x00000000d5580000,0x00000000d5580000,0x00000000e8d80000)
  from space 29696K, 97% used [0x00000000eb200000,0x00000000ece237a0,0x00000000ecf00000)
  to   space 33792K, 0% used [0x00000000e8d80000,0x00000000e8d80000,0x00000000eae80000)
 ParOldGen       total 217088K, used 47441K [0x0000000080000000, 0x000000008d400000, 0x00000000d5580000)
  object space 217088K, 21% used [0x0000000080000000,0x0000000082e54420,0x000000008d400000)
 Metaspace       used 106178K, capacity 111870K, committed 112296K, reserved 1146880K
  class space    used 13937K, capacity 15068K, committed 15280K, reserved 1048576K
}
Event: 5590.665 GC heap before
{Heap before GC invocations=21 (full 4):
 PSYoungGen      total 349184K, used 348301K [0x00000000d5580000, 0x00000000ecf80000, 0x0000000100000000)
  eden space 319488K, 100% used [0x00000000d5580000,0x00000000e8d80000,0x00000000e8d80000)
  from space 29696K, 97% used [0x00000000eb200000,0x00000000ece237a0,0x00000000ecf00000)
  to   space 33792K, 0% used [0x00000000e8d80000,0x00000000e8d80000,0x00000000eae80000)
 ParOldGen       total 217088K, used 47441K [0x0000000080000000, 0x000000008d400000, 0x00000000d5580000)
  object space 217088K, 21% used [0x0000000080000000,0x0000000082e54420,0x000000008d400000)
 Metaspace       used 107563K, capacity 113890K, committed 114216K, reserved 1148928K
  class space    used 14054K, capacity 15266K, committed 15408K, reserved 1048576K
Event: 5590.756 GC heap after
Heap after GC invocations=21 (full 4):
 PSYoungGen      total 353280K, used 28049K [0x00000000d5580000, 0x00000000ee580000, 0x0000000100000000)
  eden space 319488K, 0% used [0x00000000d5580000,0x00000000d5580000,0x00000000e8d80000)
  from space 33792K, 83% used [0x00000000e8d80000,0x00000000ea8e47e8,0x00000000eae80000)
  to   space 36352K, 0% used [0x00000000ec200000,0x00000000ec200000,0x00000000ee580000)
 ParOldGen       total 217088K, used 47449K [0x0000000080000000, 0x000000008d400000, 0x00000000d5580000)
  object space 217088K, 21% used [0x0000000080000000,0x0000000082e56420,0x000000008d400000)
 Metaspace       used 107563K, capacity 113890K, committed 114216K, reserved 1148928K
  class space    used 14054K, capacity 15266K, committed 15408K, reserved 1048576K
}

