# JRE version: OpenJDK Runtime Environment (8.0_242-b01) (build 1.8.0_242-release-1644-b01)
# Java VM: OpenJDK 64-Bit Server VM (25.242-b01 mixed mode windows-amd64 compressed oops)
Heap:
 PSYoungGen      total 421888K, used 64665K [0x00000000d5580000, 0x00000000f4d80000, 0x0000000100000000)
  eden space 382464K, 11% used [0x00000000d5580000,0x00000000d81dd120,0x00000000ecb00000)
  from space 39424K, 48% used [0x00000000ecb00000,0x00000000eddc95c8,0x00000000ef180000)
  to   space 37888K, 0% used [0x00000000f2880000,0x00000000f2880000,0x00000000f4d80000)
 ParOldGen       total 146944K, used 62709K [0x0000000080000000, 0x0000000088f80000, 0x00000000d5580000)
  object space 146944K, 42% used [0x0000000080000000,0x0000000083d3d488,0x0000000088f80000)
 Metaspace       used 88510K, capacity 93084K, committed 93352K, reserved 1130496K
  class space    used 11770K, capacity 12625K, committed 12720K, reserved 1048576K
GC Heap History (10 events):
Event: 39.788 GC heap before
{Heap before GC invocations=18 (full 3):
 PSYoungGen      total 313344K, used 313343K [0x00000000d5580000, 0x00000000eaf80000, 0x0000000100000000)
  eden space 289280K, 100% used [0x00000000d5580000,0x00000000e7000000,0x00000000e7000000)
  from space 24064K, 99% used [0x00000000e8e00000,0x00000000ea57fda0,0x00000000ea580000)
  to   space 30720K, 0% used [0x00000000e7000000,0x00000000e7000000,0x00000000e8e00000)
 ParOldGen       total 146944K, used 53673K [0x0000000080000000, 0x0000000088f80000, 0x00000000d5580000)
  object space 146944K, 36% used [0x0000000080000000,0x000000008346a478,0x0000000088f80000)
 Metaspace       used 87307K, capacity 91718K, committed 91944K, reserved 1128448K
  class space    used 11679K, capacity 12516K, committed 12592K, reserved 1048576K
Event: 39.840 GC heap after
Heap after GC invocations=18 (full 3):
 PSYoungGen      total 320000K, used 30539K [0x00000000d5580000, 0x00000000ee900000, 0x0000000100000000)
  eden space 289280K, 0% used [0x00000000d5580000,0x00000000d5580000,0x00000000e7000000)
  from space 30720K, 99% used [0x00000000e7000000,0x00000000e8dd2f98,0x00000000e8e00000)
  to   space 35328K, 0% used [0x00000000ec680000,0x00000000ec680000,0x00000000ee900000)
 ParOldGen       total 146944K, used 62685K [0x0000000080000000, 0x0000000088f80000, 0x00000000d5580000)
  object space 146944K, 42% used [0x0000000080000000,0x0000000083d37488,0x0000000088f80000)
 Metaspace       used 87307K, capacity 91718K, committed 91944K, reserved 1128448K
  class space    used 11679K, capacity 12516K, committed 12592K, reserved 1048576K
}
Event: 41.347 GC heap before
{Heap before GC invocations=19 (full 3):
 PSYoungGen      total 320000K, used 319819K [0x00000000d5580000, 0x00000000ee900000, 0x0000000100000000)
  eden space 289280K, 100% used [0x00000000d5580000,0x00000000e7000000,0x00000000e7000000)
  from space 30720K, 99% used [0x00000000e7000000,0x00000000e8dd2f98,0x00000000e8e00000)
  to   space 35328K, 0% used [0x00000000ec680000,0x00000000ec680000,0x00000000ee900000)
 ParOldGen       total 146944K, used 62685K [0x0000000080000000, 0x0000000088f80000, 0x00000000d5580000)
  object space 146944K, 42% used [0x0000000080000000,0x0000000083d37488,0x0000000088f80000)
 Metaspace       used 88083K, capacity 92596K, committed 92840K, reserved 1130496K
  class space    used 11751K, capacity 12607K, committed 12720K, reserved 1048576K
Event: 41.391 GC heap after
Heap after GC invocations=19 (full 3):
 PSYoungGen      total 374272K, used 30845K [0x00000000d5580000, 0x00000000ef380000, 0x0000000100000000)
  eden space 338944K, 0% used [0x00000000d5580000,0x00000000d5580000,0x00000000ea080000)
  from space 35328K, 87% used [0x00000000ec680000,0x00000000ee49f640,0x00000000ee900000)
  to   space 38912K, 0% used [0x00000000ea080000,0x00000000ea080000,0x00000000ec680000)
 ParOldGen       total 146944K, used 62693K [0x0000000080000000, 0x0000000088f80000, 0x00000000d5580000)
  object space 146944K, 42% used [0x0000000080000000,0x0000000083d39488,0x0000000088f80000)
 Metaspace       used 88083K, capacity 92596K, committed 92840K, reserved 1130496K
  class space    used 11751K, capacity 12607K, committed 12720K, reserved 1048576K
}
Event: 43.066 GC heap before
{Heap before GC invocations=20 (full 3):
 PSYoungGen      total 374272K, used 369789K [0x00000000d5580000, 0x00000000ef380000, 0x0000000100000000)
  eden space 338944K, 100% used [0x00000000d5580000,0x00000000ea080000,0x00000000ea080000)
  from space 35328K, 87% used [0x00000000ec680000,0x00000000ee49f640,0x00000000ee900000)
  to   space 38912K, 0% used [0x00000000ea080000,0x00000000ea080000,0x00000000ec680000)
 ParOldGen       total 146944K, used 62693K [0x0000000080000000, 0x0000000088f80000, 0x00000000d5580000)
  object space 146944K, 42% used [0x0000000080000000,0x0000000083d39488,0x0000000088f80000)
 Metaspace       used 88265K, capacity 92836K, committed 93096K, reserved 1130496K
  class space    used 11757K, capacity 12615K, committed 12720K, reserved 1048576K
Event: 43.095 GC heap after
Heap after GC invocations=20 (full 3):
 PSYoungGen      total 377856K, used 26992K [0x00000000d5580000, 0x00000000f1900000, 0x0000000100000000)
  eden space 338944K, 0% used [0x00000000d5580000,0x00000000d5580000,0x00000000ea080000)
  from space 38912K, 69% used [0x00000000ea080000,0x00000000ebadc208,0x00000000ec680000)
  to   space 40448K, 0% used [0x00000000ef180000,0x00000000ef180000,0x00000000f1900000)
 ParOldGen       total 146944K, used 62701K [0x0000000080000000, 0x0000000088f80000, 0x00000000d5580000)
  object space 146944K, 42% used [0x0000000080000000,0x0000000083d3b488,0x0000000088f80000)
 Metaspace       used 88265K, capacity 92836K, committed 93096K, reserved 1130496K
  class space    used 11757K, capacity 12615K, committed 12720K, reserved 1048576K
}
Event: 44.881 GC heap before
{Heap before GC invocations=21 (full 3):
 PSYoungGen      total 377856K, used 365936K [0x00000000d5580000, 0x00000000f1900000, 0x0000000100000000)
  eden space 338944K, 100% used [0x00000000d5580000,0x00000000ea080000,0x00000000ea080000)
  from space 38912K, 69% used [0x00000000ea080000,0x00000000ebadc208,0x00000000ec680000)
  to   space 40448K, 0% used [0x00000000ef180000,0x00000000ef180000,0x00000000f1900000)
 ParOldGen       total 146944K, used 62701K [0x0000000080000000, 0x0000000088f80000, 0x00000000d5580000)
  object space 146944K, 42% used [0x0000000080000000,0x0000000083d3b488,0x0000000088f80000)
 Metaspace       used 88438K, capacity 93016K, committed 93352K, reserved 1130496K
  class space    used 11770K, capacity 12625K, committed 12720K, reserved 1048576K
Event: 44.996 GC heap after
Heap after GC invocations=21 (full 3):
 PSYoungGen      total 422912K, used 21230K [0x00000000d5580000, 0x00000000f2300000, 0x0000000100000000)
  eden space 382464K, 0% used [0x00000000d5580000,0x00000000d5580000,0x00000000ecb00000)
  from space 40448K, 52% used [0x00000000ef180000,0x00000000f063bbf0,0x00000000f1900000)
  to   space 39424K, 0% used [0x00000000ecb00000,0x00000000ecb00000,0x00000000ef180000)
 ParOldGen       total 146944K, used 62701K [0x0000000080000000, 0x0000000088f80000, 0x00000000d5580000)
  object space 146944K, 42% used [0x0000000080000000,0x0000000083d3b488,0x0000000088f80000)
 Metaspace       used 88438K, capacity 93016K, committed 93352K, reserved 1130496K
  class space    used 11770K, capacity 12625K, committed 12720K, reserved 1048576K
}
Event: 48.434 GC heap before
{Heap before GC invocations=22 (full 3):
 PSYoungGen      total 422912K, used 403694K [0x00000000d5580000, 0x00000000f2300000, 0x0000000100000000)
  eden space 382464K, 100% used [0x00000000d5580000,0x00000000ecb00000,0x00000000ecb00000)
  from space 40448K, 52% used [0x00000000ef180000,0x00000000f063bbf0,0x00000000f1900000)
  to   space 39424K, 0% used [0x00000000ecb00000,0x00000000ecb00000,0x00000000ef180000)
 ParOldGen       total 146944K, used 62701K [0x0000000080000000, 0x0000000088f80000, 0x00000000d5580000)
  object space 146944K, 42% used [0x0000000080000000,0x0000000083d3b488,0x0000000088f80000)
 Metaspace       used 88469K, capacity 93084K, committed 93352K, reserved 1130496K
  class space    used 11770K, capacity 12625K, committed 12720K, reserved 1048576K
Event: 48.495 GC heap after
Heap after GC invocations=22 (full 3):
 PSYoungGen      total 421888K, used 19237K [0x00000000d5580000, 0x00000000f4d80000, 0x0000000100000000)
  eden space 382464K, 0% used [0x00000000d5580000,0x00000000d5580000,0x00000000ecb00000)
  from space 39424K, 48% used [0x00000000ecb00000,0x00000000eddc95c8,0x00000000ef180000)
  to   space 37888K, 0% used [0x00000000f2880000,0x00000000f2880000,0x00000000f4d80000)
 ParOldGen       total 146944K, used 62709K [0x0000000080000000, 0x0000000088f80000, 0x00000000d5580000)
  object space 146944K, 42% used [0x0000000080000000,0x0000000083d3d488,0x0000000088f80000)
 Metaspace       used 88469K, capacity 93084K, committed 93352K, reserved 1130496K
  class space    used 11770K, capacity 12625K, committed 12720K, reserved 1048576K
}

